c:\users\msi\desktop\deneme\calypso\calypsoum\calypsoum\x64\release\vc143.pdb
c:\users\msi\desktop\deneme\calypso\calypsoum\calypsoum\x64\release\loop.obj
c:\users\msi\desktop\deneme\calypso\calypsoum\calypsoum\x64\release\utils.obj
c:\users\msi\desktop\deneme\calypso\calypsoum\calypsoum\x64\release\struct.obj
c:\users\msi\desktop\deneme\calypso\calypsoum\calypsoum\x64\release\settings.obj
c:\users\msi\desktop\deneme\calypso\calypsoum\calypsoum\x64\release\offsets.obj
c:\users\msi\desktop\deneme\calypso\calypsoum\calypsoum\x64\release\features.obj
c:\users\msi\desktop\deneme\calypso\calypsoum\calypsoum\x64\release\main.obj
c:\users\msi\desktop\deneme\calypso\calypsoum\calypsoum\x64\release\driver.obj
c:\users\msi\desktop\deneme\calypso\calypsoum\calypsoum\x64\release\config.obj
c:\users\msi\desktop\deneme\calypso\calypsoum\calypsoum\x64\release\arduino.obj
c:\users\msi\desktop\deneme\calypso\calypsoum\calypsoum\x64\release\loop.h.ifc
c:\users\msi\desktop\deneme\calypso\calypsoum\calypsoum\x64\release\loop.h.ifc.d.json
c:\users\msi\desktop\deneme\calypso\calypsoum\calypsoum\x64\release\loop.h.obj
c:\users\msi\desktop\deneme\calypso\calypsoum\calypsoum\x64\release\struct.h.ifc
c:\users\msi\desktop\deneme\calypso\calypsoum\calypsoum\x64\release\struct.h.ifc.d.json
c:\users\msi\desktop\deneme\calypso\calypsoum\calypsoum\x64\release\struct.h.obj
c:\users\msi\desktop\deneme\calypso\calypsoum\x64\release\calypsoum.exe
c:\users\msi\desktop\deneme\calypso\calypsoum\x64\release\calypsoum.pdb
c:\users\msi\desktop\deneme\calypso\calypsoum\calypsoum\x64\release\struct.h.module.json
c:\users\msi\desktop\deneme\calypso\calypsoum\calypsoum\x64\release\loop.h.module.json
c:\users\msi\desktop\deneme\calypso\calypsoum\calypsoum\x64\release\calypsoum.ipdb
c:\users\msi\desktop\deneme\calypso\calypsoum\calypsoum\x64\release\calypsoum.iobj
c:\users\msi\desktop\calypso test\calypso\calypsoum\calypsoum\x64\release\calypsoum.tlog\cl.command.1.tlog
c:\users\msi\desktop\calypso test\calypso\calypsoum\calypsoum\x64\release\calypsoum.tlog\cl.items.tlog
c:\users\msi\desktop\calypso test\calypso\calypsoum\calypsoum\x64\release\calypsoum.tlog\cl.read.1.tlog
c:\users\msi\desktop\calypso test\calypso\calypsoum\calypsoum\x64\release\calypsoum.tlog\cl.write.1.tlog
c:\users\msi\desktop\calypso test\calypso\calypsoum\calypsoum\x64\release\calypsoum.tlog\link.command.1.tlog
c:\users\msi\desktop\calypso test\calypso\calypsoum\calypsoum\x64\release\calypsoum.tlog\link.read.1.tlog
c:\users\msi\desktop\calypso test\calypso\calypsoum\calypsoum\x64\release\calypsoum.tlog\link.secondary.1.tlog
c:\users\msi\desktop\calypso test\calypso\calypsoum\calypsoum\x64\release\calypsoum.tlog\link.write.1.tlog
c:\users\msi\desktop\calypso test\calypso\calypsoum\calypsoum\x64\release\calypsoum_md.tlog\cl.command.1.tlog
c:\users\msi\desktop\calypso test\calypso\calypsoum\calypsoum\x64\release\calypsoum_md.tlog\microsoft.build.cpptasks.cl.read.1.tlog
c:\users\msi\desktop\calypso test\calypso\calypsoum\calypsoum\x64\release\calypsoum_md.tlog\microsoft.build.cpptasks.cl.write.1.tlog
